##########################################################
# Performing exact time evolution for excited-state ASP  
# Today: 19 Nov 2025 at 13:00:50
# Namespace(xyzfile='ch2.xyz', basis='sto-3g', lmax=0.15, wmax=0.25, eps='0,0,1', nstep=200, T=100.0, nphoton=1, initial_state='1,1', order=3, nfrozen=0, trotter=False)
##########################################################
 Molecule [angstrom]:
 --------------------------------------------------------
   3
   0 1
   C  0.0000  0.0000  0.0000
   H  0.8997  0.0000 -0.5883
   H -0.8997  0.0000 -0.5883

 Parameters:
 --------------------------------------------------------
  Molecule file        = ch2.xyz
  Basis set            = sto-3g
  Number of photons    =          1
  Number of frozen core=          0
  Total time evolution =  1.000000e+02
  Number of steps      =        200
  Time step            =  5.000000e-01
  Initial state        = |e0,p1>
  Polarisation vector  = [0.0, 0.0, 1.0]
  lmax                 = 0.15
  wmax                 = 0.25
  order                = 3
  Trotterised evolution= False

 --------------------------------------------------------
       t_k              <E(t_k)>            <pE(t_k)>         <Pn(t_k)>     State fidelity -->
 --------------------------------------------------------
   0.000000e+00     -38.4209955512                nan    1.000000e+00    0.000000e+00          nan    0.000000e+00          nan   0.000000e+00          nan    0.000000e+00          nan
   5.000000e-03     -38.4197455512     -38.4209955512    1.000000e+00    1.199206e-43    4.427556e-28    2.708506e-16    1.000000e+00   5.240698e-43    1.934903e-27    1.641859e-41    6.061860e-26
   1.000000e-02     -38.4184955512     -38.2017232434    1.000000e+00    1.332191e-41    4.257046e-28    2.391076e-14    7.640737e-01   1.475037e-40    4.713512e-27    3.844391e-16    1.228483e-02
   1.500000e-02     -38.4172455512     -38.1774880030    1.000000e+00    2.886280e-40    4.043928e-28    5.262551e-13    7.373289e-01   3.283485e-39    4.600447e-27    1.009730e-14    1.414719e-02
   2.000000e-02     -38.4159955512     -38.1809008125    1.000000e+00    2.782895e-39    3.938538e-28    5.227635e-12    7.398499e-01   3.028333e-38    4.285899e-27    1.033456e-13    1.462617e-02
   2.500000e-02     -38.4147455318     -38.1898843468    1.000000e+00    1.685229e-38    3.892550e-28    3.239016e-11    7.481494e-01   1.708933e-37    3.947302e-27    6.447654e-13    1.489282e-02
   3.000000e-02     -38.4134954823     -38.2010422637    1.000000e+00    7.568298e-38    3.904030e-28    1.470782e-10    7.586878e-01   7.001193e-37    3.611495e-27    2.930945e-12    1.511898e-02
   3.500000e-02     -38.4122454580     -38.2134297381    1.000000e+00    2.760578e-37    3.969151e-28    5.358950e-10    7.705083e-01   2.286057e-36    3.286886e-27    1.066897e-11    1.533982e-02
   4.000000e-02     -38.4109953792     -38.2265642515    1.000000e+00    8.623219e-37    4.075786e-28    1.656904e-09    7.831397e-01   6.301443e-36    2.978392e-27    3.292419e-11    1.556170e-02
   4.500000e-02     -38.4097452137     -38.2401356434    1.000000e+00    2.382419e-36    4.204053e-28    4.512563e-09    7.962939e-01   1.523861e-35    2.689029e-27    8.941234e-11    1.577784e-02
   5.000000e-02     -38.4084948940     -38.2537252108    1.000000e+00    5.935150e-36    4.328374e-28    1.110076e-08    8.095538e-01   3.322516e-35    2.423038e-27    2.192775e-10    1.599143e-02
   5.500000e-02     -38.4072444002     -38.2670563048    1.000000e+00    1.351118e-35    4.422968e-28    2.513018e-08    8.226518e-01   6.668489e-35    2.182970e-27    4.947782e-10    1.619686e-02
   6.000000e-02     -38.4059936296     -38.2798845041    9.999999e-01    2.838796e-35    4.466826e-28    5.308870e-08    8.353470e-01   1.252577e-34    1.970921e-27    1.041589e-09    1.638933e-02
   6.500000e-02     -38.4047424705     -38.2920107480    9.999999e-01    5.552445e-35    4.448210e-28    1.057809e-07    8.474387e-01   2.232183e-34    1.788261e-27    2.067706e-09    1.656494e-02
   7.000000e-02     -38.4034907777     -38.3032888819    9.999998e-01    1.019352e-34    4.366778e-28    2.004668e-07    8.587747e-01   3.817984e-34    1.635577e-27    3.903216e-09    1.672089e-02
   7.500000e-02     -38.4022383844     -38.3136281433    9.999996e-01    1.771459e-34    4.233231e-28    3.637527e-07    8.692550e-01   6.331117e-34    1.512938e-27    7.053418e-09    1.685546e-02
   8.000000e-02     -38.4009850800     -38.3229905821    9.999993e-01    2.940571e-34    4.067122e-28    6.354029e-07    8.788299e-01   1.026902e-33    1.420315e-27    1.226803e-08    1.696798e-02
   8.500000e-02     -38.3997306342     -38.3313844688    9.999988e-01    4.708101e-34    3.893207e-28    1.073258e-06    8.874950e-01   1.642094e-33    1.357875e-27    2.062931e-08    1.705872e-02
   9.000000e-02     -38.3984746979     -38.3388547673    9.999980e-01    7.343364e-34    3.736588e-28    1.759462e-06    8.952825e-01   2.606030e-33    1.326049e-27    3.366220e-08    1.712863e-02
   9.500000e-02     -38.3972169800     -38.3454725613    9.999969e-01    1.125940e-33    3.617540e-28    2.808210e-06    9.022516e-01   4.125182e-33    1.325382e-27    5.346942e-08    1.717922e-02
   1.000000e-01     -38.3959570474     -38.3513241799    9.999952e-01    1.708561e-33    3.547667e-28    4.375244e-06    9.084781e-01   6.532104e-33    1.356330e-27    8.289471e-08    1.721231e-02
   1.050000e-01     -38.3946944899     -38.3565019103    9.999927e-01    2.574785e-33    3.528801e-28    6.669322e-06    9.140456e-01   1.035469e-32    1.419134e-27    1.257172e-07    1.722982e-02
   1.100000e-01     -38.3934287853     -38.3610963112    9.999892e-01    3.854731e-33    3.554762e-28    9.965910e-06    9.190378e-01   1.641627e-32    1.513878e-27    1.868797e-07    1.723370e-02
   1.150000e-01     -38.3921593682     -38.3651909458    9.999842e-01    5.723635e-33    3.614755e-28    1.462331e-05    9.235332e-01   2.597915e-32    1.640710e-27    2.727539e-07    1.722574e-02
   1.200000e-01     -38.3908856371     -38.3688592182    9.999773e-01    8.409837e-33    3.696891e-28    2.110146e-05    9.276019e-01   4.094987e-32    1.800121e-27    3.914444e-07    1.720756e-02
   1.250000e-01     -38.3896068394     -38.3721629442    9.999678e-01    1.220506e-32    3.790940e-28    2.998365e-05    9.313037e-01   6.416885e-32    1.993109e-27    5.531342e-07    1.718056e-02
   1.300000e-01     -38.3883222341     -38.3751527070    9.999551e-01    1.748101e-32    3.890188e-28    4.200128e-05    9.346879e-01   9.981064e-32    2.221166e-27    7.704728e-07    1.714594e-02
   1.350000e-01     -38.3870311371     -38.3778689406    9.999381e-01    2.471822e-32    3.992394e-28    5.806193e-05    9.377946e-01   1.539237e-31    2.486119e-27    1.059009e-06    1.710471e-02
   1.400000e-01     -38.3857325128     -38.3803432017    9.999157e-01    3.455127e-32    4.099461e-28    7.928078e-05    9.406555e-01   2.351400e-31    2.789904e-27    1.437665e-06    1.705770e-02
   1.450000e-01     -38.3844254750     -38.3826004285    9.998866e-01    4.782476e-32    4.215545e-28    1.070156e-04    9.432961e-01   3.555748e-31    3.134237e-27    1.929262e-06    1.700561e-02
   1.500000e-01     -38.3831089997     -38.3846603781    9.998489e-01    6.564283e-32    4.344195e-28    1.429053e-04    9.457368e-01   5.319121e-31    3.520156e-27    2.561083e-06    1.694906e-02
   1.550000e-01     -38.3817820675     -38.3865392372    9.998007e-01    8.939317e-32    4.485915e-28    1.889119e-04    9.479947e-01   7.866460e-31    3.947535e-27    3.365477e-06    1.688859e-02
   1.600000e-01     -38.3804435450     -38.3882506392    9.997396e-01    1.207382e-31    4.637313e-28    2.473662e-04    9.500847e-01   1.149463e-30    4.414860e-27    4.380513e-06    1.682468e-02
   1.650000e-01     -38.3790922647     -38.3898065768    9.996628e-01    1.615792e-31    4.791852e-28    3.210170e-04    9.520198e-01   1.658824e-30    4.919469e-27    5.650658e-06    1.675780e-02
   1.700000e-01     -38.3777270126     -38.3912179191    9.995669e-01    2.140035e-31    4.941364e-28    4.130827e-04    9.538125e-01   2.363877e-30    5.458219e-27    7.227500e-06    1.668838e-02
   1.750000e-01     -38.3763465320     -38.3924947160    9.994481e-01    2.802282e-31    5.077706e-28    5.273067e-04    9.554743e-01   3.326875e-30    6.028263e-27    9.170489e-06    1.661683e-02
   1.800000e-01     -38.3749495295     -38.3936463347    9.993020e-01    3.625847e-31    5.194487e-28    6.680147e-04    9.570161e-01   4.626245e-30    6.627685e-27    1.154771e-05    1.654357e-02
   1.850000e-01     -38.3735346810     -38.3946814870    9.991234e-01    4.636152e-31    5.288801e-28    8.401740e-04    9.584486e-01   6.360442e-30    7.255826e-27    1.443667e-05    1.646898e-02
   1.900000e-01     -38.3721006388     -38.3956082004    9.989066e-01    5.863447e-31    5.362432e-28    1.049454e-03    9.597813e-01   8.652652e-30    7.913308e-27    1.792511e-05    1.639346e-02
   1.950000e-01     -38.3706460386     -38.3964337703    9.986449e-01    7.347084e-31    5.421778e-28    1.302288e-03    9.610233e-01   1.165629e-29    8.601756e-27    2.211175e-05    1.631736e-02
   2.000000e-01     -38.3691695077     -38.3971647209    9.983309e-01    9.140166e-31    5.476260e-28    1.605934e-03    9.621829e-01   1.556101e-29    9.323258e-27    2.710718e-05    1.624106e-02
   2.050000e-01     -38.3676696731     -38.3978067907    9.979564e-01    1.131291e-30    5.535775e-28    1.968533e-03    9.632673e-01   2.059861e-29    1.007957e-26    3.303456e-05    1.616489e-02
   2.100000e-01     -38.3661451704     -38.3983649496    9.975120e-01    1.395355e-30    5.608270e-28    2.399167e-03    9.642830e-01   2.704817e-29    1.087131e-26    4.003045e-05    1.608920e-02
   2.150000e-01     -38.3645946530     -38.3988434480    9.969874e-01    1.716707e-30    5.698336e-28    2.907913e-03    9.652356e-01   3.524022e-29    1.169743e-26    4.824552e-05    1.601434e-02
   2.200000e-01     -38.3630168016     -38.3992458954    9.963712e-01    2.107268e-30    5.807069e-28    3.505890e-03    9.661300e-01   4.556082e-29    1.255535e-26    5.784531e-05    1.594063e-02
   2.250000e-01     -38.3614103344     -38.3995753597    9.956511e-01    2.580124e-30    5.932758e-28    4.205300e-03    9.669701e-01   5.845704e-29    1.344166e-26    6.901086e-05    1.586841e-02
   2.300000e-01     -38.3597740167     -38.3998344796    9.948133e-01    3.149293e-30    6.071882e-28    5.019463e-03    9.677595e-01   7.444512e-29    1.435312e-26    8.193942e-05    1.579804e-02
   2.350000e-01     -38.3581066720     -38.4000255800    9.938432e-01    3.829700e-30    6.220312e-28    5.962835e-03    9.685013e-01   9.412187e-29    1.528755e-26    9.684505e-05    1.572986e-02
   2.400000e-01     -38.3564071922     -38.4001507815    9.927249e-01    4.637701e-30    6.374751e-28    7.051022e-03    9.691980e-01   1.181794e-28    1.624434e-26    1.139592e-04    1.566426e-02
   2.450000e-01     -38.3546745483     -38.4002120946    9.914412e-01    5.592291e-30    6.533960e-28    8.300777e-03    9.698519e-01   1.474234e-28    1.722475e-26    1.335314e-04    1.560163e-02
   2.500000e-01     -38.3529078015     -38.4002114939    9.899739e-01    6.716401e-30    6.698921e-28    9.729974e-03    9.704651e-01   1.827948e-28    1.823191e-26    1.558294e-04    1.554239e-02
   2.550000e-01     -38.3511061137     -38.4001509685    9.883037e-01    8.037237e-30    6.871602e-28    1.135758e-02    9.710395e-01   2.253906e-28    1.927024e-26    1.811404e-04    1.548697e-02
   2.600000e-01     -38.3492687585     -38.4000325481    9.864102e-01    9.585076e-30    7.053119e-28    1.320357e-02    9.715768e-01   2.764775e-28    2.034442e-26    2.097708e-04    1.543586e-02
   2.650000e-01     -38.3473951315     -38.3998583094    9.842719e-01    1.139103e-29    7.242494e-28    1.528890e-02    9.720784e-01   3.374901e-28    2.145785e-26    2.420475e-04    1.538954e-02
   2.700000e-01     -38.3454847612     -38.3996303673    9.818668e-01    1.348471e-29    7.436488e-28    1.763533e-02    9.725457e-01   4.100146e-28    2.261131e-26    2.783178e-04    1.534855e-02
   2.750000e-01     -38.3435373190     -38.3993508589    9.791719e-01    1.589191e-29    7.630024e-28    2.026535e-02    9.729797e-01   4.957619e-28    2.380251e-26    3.189502e-04    1.531343e-02
   2.800000e-01     -38.3415526294     -38.3990219279    9.761635e-01    1.863217e-29    7.816660e-28    2.320199e-02    9.733815e-01   5.965434e-28    2.502648e-26    3.643351e-04    1.528477e-02
   2.850000e-01     -38.3395306801     -38.3986457142    9.728179e-01    2.171661e-29    7.989295e-28    2.646865e-02    9.737517e-01   7.142571e-28    2.627671e-26    4.148851e-04    1.526315e-02
   2.900000e-01     -38.3374716311     -38.3982243544    9.691108e-01    2.514880e-29    8.141619e-28    3.008887e-02    9.740909e-01   8.508859e-28    2.754640e-26    4.710355e-04    1.524921e-02
   2.950000e-01     -38.3353758242     -38.3977599923    9.650184e-01    2.893038e-29    8.270161e-28    3.408609e-02    9.743995e-01   1.008509e-27    2.882967e-26    5.332446e-04    1.524356e-02
   3.000000e-01     -38.3332437921     -38.3972547998    9.605168e-01    3.307041e-29    8.375825e-28    3.848336e-02    9.746776e-01   1.189333e-27    3.012253e-26    6.019935e-04    1.524684e-02
   3.050000e-01     -38.3310762661     -38.3967110045    9.555832e-01    3.759303e-29    8.463700e-28    4.330304e-02    9.749254e-01   1.395741e-27    3.142374e-26    6.777864e-04    1.525969e-02
   3.100000e-01     -38.3288741846     -38.3961309178    9.501955e-01    4.253830e-29    8.541057e-28    4.856649e-02    9.751429e-01   1.630348e-27    3.273495e-26    7.611494e-04    1.528275e-02
   3.150000e-01     -38.3266387001     -38.3955169599    9.443331e-01    4.795639e-29    8.614879e-28    5.429365e-02    9.753302e-01   1.896014e-27    3.405996e-26    8.526290e-04    1.531661e-02
   3.200000e-01     -38.3243711852     -38.3948716768    9.379770e-01    5.390079e-29    8.690446e-28    6.050270e-02    9.754875e-01   2.195819e-27    3.540327e-26    9.527905e-04    1.536188e-02
   3.250000e-01     -38.3220732388     -38.3941977455    9.311105e-01    6.042429e-29    8.771185e-28    6.720965e-02    9.756148e-01   2.532978e-27    3.676870e-26    1.062214e-03    1.541909e-02
   3.300000e-01     -38.3197466904     -38.3934979687    9.237194e-01    6.757411e-29    8.858628e-28    7.442788e-02    9.757124e-01   2.910739e-27    3.815833e-26    1.181489e-03    1.548873e-02
   3.350000e-01     -38.3173936036     -38.3927752583    9.157928e-01    7.538156e-29    8.951913e-28    8.216777e-02    9.757807e-01   3.332258e-27    3.957212e-26    1.311211e-03    1.557125e-02
   3.400000e-01     -38.3150162789     -38.3920326122    9.073229e-01    8.385253e-29    9.047815e-28    9.043617e-02    9.758200e-01   3.800479e-27    4.100775e-26    1.451972e-03    1.566700e-02
   3.450000e-01     -38.3126172548     -38.3912730873    8.983061e-01    9.297235e-29    9.142372e-28    9.923605e-02    9.758308e-01   4.318007e-27    4.246082e-26    1.604348e-03    1.577625e-02
   3.500000e-01     -38.3101993078     -38.3904997721    8.887431e-01    1.027258e-28    9.233212e-28    1.085660e-01    9.758139e-01   4.887015e-27    4.392551e-26    1.768893e-03    1.589918e-02
   3.550000e-01     -38.3077654512     -38.3897157624    8.786395e-01    1.131136e-28    9.320464e-28    1.184199e-01    9.757698e-01   5.509222e-27    4.539553e-26    1.946119e-03    1.603585e-02
   3.600000e-01     -38.3053189317     -38.3889241426    8.680062e-01    1.241464e-28    9.405470e-28    1.287863e-01    9.756995e-01   6.185900e-27    4.686507e-26    2.136484e-03    1.618624e-02
   3.650000e-01     -38.3028632256     -38.3881279719    8.568595e-01    1.358223e-28    9.488742e-28    1.396484e-01    9.756038e-01   6.917888e-27    4.832937e-26    2.340373e-03    1.635018e-02
   3.700000e-01     -38.3004020317     -38.3873302754    8.452220e-01    1.481066e-28    9.568973e-28    1.509834e-01    9.754836e-01   7.705595e-27    4.978483e-26    2.558077e-03    1.652739e-02
   3.750000e-01     -38.2979392636     -38.3865340396    8.331224e-01    1.609241e-28    9.643244e-28    1.627624e-01    9.753401e-01   8.548988e-27    5.122910e-26    2.789773e-03    1.671748e-02
   3.800000e-01     -38.2954790390     -38.3857422086    8.205961e-01    1.741537e-28    9.707350e-28    1.749501e-01    9.751744e-01   9.447602e-27    5.266107e-26    3.035503e-03    1.691994e-02
   3.850000e-01     -38.2930256673     -38.3849576805    8.076850e-01    1.876196e-28    9.755848e-28    1.875048e-01    9.749878e-01   1.040048e-26    5.408043e-26    3.295152e-03    1.713414e-02
   3.900000e-01     -38.2905836343     -38.3841833009    7.944382e-01    2.010933e-28    9.782619e-28    2.003779e-01    9.747816e-01   1.140596e-26    5.548676e-26    3.568426e-03    1.735939e-02
   3.950000e-01     -38.2881575853     -38.3834218546    7.809114e-01    2.143262e-28    9.782629e-28    2.135143e-01    9.745572e-01   1.246136e-26    5.687817e-26    3.854838e-03    1.759488e-02
   4.000000e-01     -38.2857523047     -38.3826760534    7.671673e-01    2.271066e-28    9.754068e-28    2.268526e-01    9.743160e-01   1.356264e-26    5.825060e-26    4.153686e-03    1.783979e-02
   4.050000e-01     -38.2833726939     -38.3819485222    7.532751e-01    2.393043e-28    9.699239e-28    2.403247e-01    9.740595e-01   1.470429e-26    5.959792e-26    4.464050e-03    1.809323e-02
   4.100000e-01     -38.2810237462     -38.3812417834    7.393107e-01    2.508731e-28    9.623449e-28    2.538565e-01    9.737892e-01   1.587926e-26    6.091260e-26    4.784778e-03    1.835433e-02
   4.150000e-01     -38.2787105191     -38.3805582409    7.253556e-01    2.618106e-28    9.532713e-28    2.673681e-01    9.735063e-01   1.707915e-26    6.218642e-26    5.114494e-03    1.862224e-02
   4.200000e-01     -38.2764381043     -38.3799001654    7.114973e-01    2.721047e-28    9.431617e-28    2.807744e-01    9.732123e-01   1.829434e-26    6.341131e-26    5.451603e-03    1.889619e-02
   4.250000e-01     -38.2742115951     -38.3792696806    6.978280e-01    2.816937e-28    9.322296e-28    2.939856e-01    9.729082e-01   1.951433e-26    6.458019e-26    5.794306e-03    1.917552e-02
   4.300000e-01     -38.2720360516     -38.3786687508    6.844441e-01    2.904514e-28    9.204438e-28    3.069080e-01    9.725948e-01   2.072813e-26    6.568767e-26    6.140627e-03    1.945971e-02
   4.350000e-01     -38.2699164633     -38.3780991712    6.714458e-01    2.981896e-28    9.075811e-28    3.194444e-01    9.722730e-01   2.192464e-26    6.673066e-26    6.488443e-03    1.974847e-02
   4.400000e-01     -38.2678577103     -38.3775625572    6.589353e-01    3.046834e-28    8.933302e-28    3.314954e-01    9.719430e-01   2.309311e-26    6.770888e-26    6.835528e-03    2.004173e-02
   4.450000e-01     -38.2658645218     -38.3770603356    6.470167e-01    3.097396e-28    8.774907e-28    3.429603e-01    9.716049e-01   2.422342e-26    6.862482e-26    7.179597e-03    2.033976e-02
   4.500000e-01     -38.2639414341     -38.3765937344    6.357941e-01    3.132905e-28    8.602017e-28    3.537379e-01    9.712581e-01   2.530586e-26    6.948231e-26    7.518365e-03    2.064317e-02
   4.550000e-01     -38.2620927466     -38.3761637712    6.253712e-01    3.154503e-28    8.420342e-28    3.637278e-01    9.709017e-01   2.633039e-26    7.028393e-26    7.849600e-03    2.095300e-02
   4.600000e-01     -38.2603224782     -38.3757712407    6.158491e-01    3.164878e-28    8.238632e-28    3.728317e-01    9.705345e-01   2.728573e-26    7.102868e-26    8.171184e-03    2.127077e-02
   4.650000e-01     -38.2586343221     -38.3754166992    6.073258e-01    3.167359e-28    8.066125e-28    3.809545e-01    9.701542e-01   2.815913e-26    7.171118e-26    8.481181e-03    2.159852e-02
   4.700000e-01     -38.2570316027     -38.3751004468    5.998946e-01    3.164830e-28    7.909991e-28    3.880055e-01    9.697582e-01   2.893660e-26    7.232243e-26    8.777883e-03    2.193893e-02
   4.750000e-01     -38.2555172322     -38.3748225071    5.936424e-01    3.158737e-28    7.773294e-28    3.939000e-01    9.693431e-01   2.960362e-26    7.285115e-26    9.059876e-03    2.229533e-02
   4.800000e-01     -38.2540936692     -38.3745826031    5.886489e-01    3.148352e-28    7.653686e-28    3.985600e-01    9.689047e-01   3.014597e-26    7.328526e-26    9.326080e-03    2.267182e-02
   4.850000e-01     -38.2527628801     -38.3743801294    5.849848e-01    3.130559e-28    7.543240e-28    4.019164e-01    9.684378e-01   3.055063e-26    7.361329e-26    9.575788e-03    2.307335e-02
   4.900000e-01     -38.2515263030     -38.3742141201    5.827111e-01    3.100455e-28    7.429997e-28    4.039090e-01    9.679362e-01   3.080692e-26    7.382636e-26    9.808695e-03    2.350576e-02
   4.950000e-01     -38.2503848155     -38.3740832123    5.818771e-01    3.052765e-28    7.301120e-28    4.044890e-01    9.673925e-01   3.090791e-26    7.392064e-26    1.002491e-02    2.397599e-02
   5.000000e-01     -38.2493387069     -38.3739856023    5.825201e-01    2.983510e-28    7.146476e-28    4.036188e-01    9.667984e-01   3.085135e-26    7.389902e-26    1.022496e-02    2.449210e-02
   5.050000e-01     -38.2483876558     -38.3739189954    5.846642e-01    2.891224e-28    6.961173e-28    4.012740e-01    9.661435e-01   3.063918e-26    7.376966e-26    1.040978e-02    2.506353e-02
   5.100000e-01     -38.2475307132     -38.3738805457    5.883192e-01    2.777374e-28    6.746424e-28    3.974434e-01    9.654164e-01   3.027570e-26    7.354169e-26    1.058068e-02    2.570117e-02
   5.150000e-01     -38.2467662926     -38.3738667848    5.934803e-01    2.645989e-28    6.508883e-28    3.921302e-01    9.646032e-01   2.976611e-26    7.322180e-26    1.073932e-02    2.641771e-02
   5.200000e-01     -38.2460921667     -38.3738735354    6.001276e-01    2.502616e-28    6.258537e-28    3.853524e-01    9.636883e-01   2.911623e-26    7.281380e-26    1.088766e-02    2.722783e-02
   5.250000e-01     -38.2455054716     -38.3738958074    6.082258e-01    2.352785e-28    6.005461e-28    3.771426e-01    9.626530e-01   2.833293e-26    7.231953e-26    1.102790e-02    2.814860e-02
   5.300000e-01     -38.2450027201     -38.3739276705    6.177243e-01    2.200592e-28    5.756555e-28    3.675489e-01    9.614758e-01   2.742396e-26    7.173868e-26    1.116241e-02    2.919990e-02
   5.350000e-01     -38.2445798217     -38.3739620975    6.285572e-01    2.048030e-28    5.513716e-28    3.566340e-01    9.601315e-01   2.639768e-26    7.106794e-26    1.129371e-02    3.040497e-02
   5.400000e-01     -38.2442321124     -38.3739907712    6.406440e-01    1.895264e-28    5.274056e-28    3.444752e-01    9.585904e-01   2.526325e-26    7.030145e-26    1.142434e-02    3.179115e-02
   5.450000e-01     -38.2439543919     -38.3740038434    6.538902e-01    1.741536e-28    5.031744e-28    3.311638e-01    9.568172e-01   2.403169e-26    6.943372e-26    1.155685e-02    3.339070e-02
   5.500000e-01     -38.2437409704     -38.3739896333    6.681882e-01    1.586252e-28    4.780577e-28    3.168040e-01    9.547702e-01   2.271698e-26    6.846347e-26    1.169371e-02    3.524201e-02
   5.550000e-01     -38.2435857222     -38.3739342474    6.834185e-01    1.429840e-28    4.516498e-28    3.015121e-01    9.523995e-01   2.133622e-26    6.739566e-26    1.183729e-02    3.739097e-02
   5.600000e-01     -38.2434821479     -38.3738210963    6.994507e-01    1.274149e-28    4.239403e-28    2.854151e-01    9.496449e-01   1.990842e-26    6.624012e-26    1.198978e-02    3.989288e-02
   5.650000e-01     -38.2434234432     -38.3736302790    7.161457e-01    1.122274e-28    3.953697e-28    2.686492e-01    9.464335e-01   1.845284e-26    6.500815e-26    1.215318e-02    4.281484e-02
   5.700000e-01     -38.2434025738     -38.3733377892    7.333569e-01    9.778304e-29    3.667189e-28    2.513581e-01    9.426764e-01   1.698779e-26    6.370986e-26    1.232927e-02    4.623883e-02
   5.750000e-01     -38.2434123564     -38.3729144923    7.509322e-01    8.440183e-29    3.388709e-28    2.336914e-01    9.382643e-01   1.553034e-26    6.235385e-26    1.251959e-02    5.026579e-02
   5.800000e-01     -38.2434455431     -38.3723247936    7.687158e-01    7.229579e-29    3.125842e-28    2.158025e-01    9.330620e-01   1.409629e-26    6.094789e-26    1.272546e-02    5.502086e-02
   5.850000e-01     -38.2434949091     -38.3715249023    7.865505e-01    6.155861e-29    2.883990e-28    1.978465e-01    9.269009e-01   1.270010e-26    5.949934e-26    1.294793e-02    6.066039e-02
   5.900000e-01     -38.2435533424     -38.3704605579    8.042796e-01    5.219616e-29    2.666874e-28    1.799785e-01    9.195694e-01   1.135487e-26    5.801579e-26    1.318785e-02    6.738109e-02
   5.950000e-01     -38.2436139331     -38.3690640519    8.217490e-01    4.417243e-29    2.478102e-28    1.623510e-01    9.108001e-01   1.007266e-26    5.650828e-26    1.344585e-02    7.543211e-02
   6.000000e-01     -38.2436700621     -38.3672503304    8.388090e-01    3.745542e-29    2.323667e-28    1.451127e-01    9.002529e-01   8.865011e-27    5.499694e-26    1.372236e-02    8.513108e-02
   6.050000e-01     -38.2437154858     -38.3649119323    8.553168e-01    3.205076e-29    2.215237e-28    1.284054e-01    8.874933e-01   7.742991e-27    5.351685e-26    1.401765e-02    9.688513e-02
   6.100000e-01     -38.2437444174     -38.3619125061    8.711377e-01    2.801087e-29    2.173706e-28    1.123632e-01    8.719632e-01   6.716585e-27    5.212220e-26    1.433184e-02    1.112182e-01
   6.150000e-01     -38.2437516013     -38.3580787416    8.861474e-01    2.541903e-29    2.232626e-28    9.711007e-02    8.529456e-01   5.793897e-27    5.088946e-26    1.466490e-02    1.288060e-01
   6.200000e-01     -38.2437323803     -38.3531908712    9.002331e-01    2.436093e-29    2.441785e-28    8.275870e-02    8.295206e-01   4.980573e-27    4.992210e-26    1.501673e-02    1.505181e-01
   6.250000e-01     -38.2436827534     -38.3469727500    9.132951e-01    2.489969e-29    2.871773e-28    6.940887e-02    8.005180e-01   4.279549e-27    4.935761e-26    1.538711e-02    1.774652e-01
   6.300000e-01     -38.2435994237     -38.3390844909    9.252477e-01    2.706321e-29    3.620385e-28    5.714640e-02    7.644768e-01   3.691008e-27    4.937651e-26    1.577574e-02    2.110402e-01
   6.350000e-01     -38.2434798347     -38.3291247982    9.360205e-01    3.084363e-29    4.820858e-28    4.604228e-02    7.196407e-01   3.212544e-27    5.021205e-26    1.618229e-02    2.529291e-01
   6.400000e-01     -38.2433221935     -38.3166581304    9.455585e-01    3.620300e-29    6.649887e-28    3.615193e-02    6.640506e-01   2.839578e-27    5.215831e-26    1.660632e-02    3.050303e-01
   6.450000e-01     -38.2431254825     -38.3012950060    9.538229e-01    4.307813e-29    9.328899e-28    2.751485e-02    5.958551e-01   2.565993e-27    5.556855e-26    1.704737e-02    3.691739e-01
   6.500000e-01     -38.2428894556     -38.2828692625    9.607912e-01    5.137953e-29    1.310408e-27    2.015441e-02    5.140279e-01   2.384755e-27    6.082196e-26    1.750492e-02    4.464539e-01
   6.550000e-01     -38.2426146222     -38.2617554801    9.664568e-01    6.098391e-29    1.818070e-27    1.407805e-02    4.196989e-01   2.288311e-27    6.821980e-26    1.797839e-02    5.359771e-01
   6.600000e-01     -38.2423022165     -38.2393019954    9.708288e-01    7.172544e-29    2.458780e-27    9.277522e-03    3.180376e-01   2.268684e-27    7.777147e-26    1.846715e-02    6.330622e-01
   6.650000e-01     -38.2419541541     -38.2181525898    9.739316e-01    8.339630e-29    3.199139e-27    5.729571e-03    2.197903e-01   2.317402e-27    8.889714e-26    1.897052e-02    7.277223e-01
   6.700000e-01     -38.2415729759     -38.2019636961    9.758037e-01    9.576429e-29    3.957813e-27    3.396691e-03    1.403808e-01   2.425405e-27    1.002388e-25    1.948776e-02    8.054038e-01
   6.750000e-01     -38.2411617797     -38.1941397585    9.764970e-01    1.086029e-28    4.620800e-27    2.228146e-03    9.480246e-02   2.582987e-27    1.099001e-25    2.001806e-02    8.517223e-01
   6.800000e-01     -38.2407241425     -38.1961333396    9.760752e-01    1.217178e-28    5.087519e-27    2.161143e-03    9.033076e-02   2.779830e-27    1.161904e-25    2.056057e-02    8.593838e-01
   6.850000e-01     -38.2402640326     -38.2067194149    9.746132e-01    1.349560e-28    5.315991e-27    3.122159e-03    1.229835e-01   3.005210e-27    1.183768e-25    2.111435e-02    8.317055e-01
   6.900000e-01     -38.2397857152     -38.2228938476    9.721948e-01    1.481965e-28    5.329821e-27    5.028384e-03    1.808435e-01   3.248398e-27    1.168272e-25    2.167842e-02    7.796546e-01
   6.950000e-01     -38.2392936520     -38.2414425658    9.689119e-01    1.613304e-28    5.189457e-27    7.789260e-03    2.505544e-01   3.499129e-27    1.125552e-25    2.225175e-02    7.157640e-01
   7.000000e-01     -38.2387923977     -38.2599685019    9.648622e-01    1.742396e-28    4.958757e-27    1.130809e-02    3.218216e-01   3.747956e-27    1.066647e-25    2.283322e-02    6.498202e-01
   7.050000e-01     -38.2382864946     -38.2771025000    9.601483e-01    1.867767e-28    4.686796e-27    1.548365e-02    3.885319e-01   3.986439e-27    1.000319e-25    2.342169e-02    5.877214e-01
   7.100000e-01     -38.2377803680     -38.2922679384    9.548754e-01    1.987528e-28    4.404530e-27    2.021188e-02    4.479124e-01   4.207206e-27    9.323524e-26    2.401595e-02    5.322138e-01
   7.150000e-01     -38.2372782248     -38.3053646759    9.491499e-01    2.099404e-28    4.128618e-27    2.538748e-02    4.992615e-01   4.403927e-27    8.660614e-26    2.461475e-02    4.840654e-01
   7.200000e-01     -38.2367839560     -38.3165288236    9.430782e-01    2.200973e-28    3.866664e-27    3.090547e-02    5.429465e-01   4.571204e-27    8.030680e-26    2.521680e-02    4.430081e-01
   7.250000e-01     -38.2363010470     -38.3259879619    9.367646e-01    2.290027e-28    3.621432e-27    3.666275e-02    5.797822e-01   4.704450e-27    7.439585e-26    2.582076e-02    4.083277e-01
   7.300000e-01     -38.2358324958     -38.3339859356    9.303101e-01    2.364894e-28    3.393455e-27    4.255952e-02    6.106989e-01   4.799839e-27    6.887427e-26    2.642528e-02    3.791840e-01
   7.350000e-01     -38.2353807421     -38.3407489561    9.238113e-01    2.424565e-28    3.182315e-27    4.850055e-02    6.365845e-01   4.854368e-27    6.371506e-26    2.702897e-02    3.547636e-01
   7.400000e-01     -38.2349476080     -38.3464734615    9.173588e-01    2.468556e-28    2.987078e-27    5.439639e-02    6.582239e-01   4.866028e-27    5.888141e-26    2.763043e-02    3.343422e-01
   7.450000e-01     -38.2345342518     -38.3513243786    9.110366e-01    2.496644e-28    2.806374e-27    6.016446e-02    6.762835e-01   4.834001e-27    5.433699e-26    2.822822e-02    3.173017e-01
   7.500000e-01     -38.2341411365     -38.3554377896    9.049209e-01    2.508617e-28    2.638453e-27    6.572986e-02    6.913176e-01   4.758766e-27    5.005060e-26    2.882093e-02    3.031258e-01
   7.550000e-01     -38.2337680125     -38.3589250626    8.990793e-01    2.504153e-28    2.481309e-27    7.102617e-02    7.037822e-01   4.642062e-27    4.599714e-26    2.940712e-02    2.913885e-01
   7.600000e-01     -38.2334139163     -38.3618771064    8.935707e-01    2.482818e-28    2.332833e-27    7.599598e-02    7.140512e-01   4.486713e-27    4.215674e-26    2.998537e-02    2.817398e-01
   7.650000e-01     -38.2330771847     -38.3643682084    8.884442e-01    2.444172e-28    2.190987e-27    8.059129e-02    7.224306e-01   4.296394e-27    3.851343e-26    3.055426e-02    2.738923e-01
   7.700000e-01     -38.2327554839     -38.3664592955    8.837397e-01    2.387980e-28    2.053994e-27    8.477374e-02    7.291718e-01   4.075378e-27    3.505390e-26    3.111241e-02    2.676099e-01
   7.750000e-01     -38.2324458544     -38.3682006199    8.794870e-01    2.314495e-28    1.920535e-27    8.851463e-02    7.344818e-01   3.828276e-27    3.176649e-26    3.165845e-02    2.626973e-01
   7.800000e-01     -38.2321447692     -38.3696339385    8.757065e-01    2.224681e-28    1.789861e-27    9.179483e-02    7.385328e-01   3.559835e-27    2.864055e-26    3.219108e-02    2.589924e-01
   7.850000e-01     -38.2318482056     -38.3707942688    8.724094e-01    2.120236e-28    1.661749e-27    9.460446e-02    7.414686e-01   3.274815e-27    2.566658e-26    3.270902e-02    2.563591e-01
   7.900000e-01     -38.2315517280     -38.3717113032    8.695978e-01    2.003395e-28    1.536319e-27    9.694252e-02    7.434114e-01   2.977988e-27    2.283694e-26    3.321106e-02    2.546817e-01
   7.950000e-01     -38.2312505807     -38.3724105506    8.672655e-01    1.876616e-28    1.413812e-27    9.881627e-02    7.444659e-01   2.674179e-27    2.014684e-26    3.369608e-02    2.538609e-01
   8.000000e-01     -38.2309397887     -38.3729142617    8.653989e-01    1.742314e-28    1.294428e-27    1.002406e-01    7.447235e-01   2.368302e-27    1.759497e-26    3.416303e-02    2.538095e-01
   8.050000e-01     -38.2306142636     -38.3732421834    8.639772e-01    1.602683e-28    1.178246e-27    1.012371e-01    7.442659e-01   2.065319e-27    1.518362e-26    3.461095e-02    2.544496e-01
   8.100000e-01     -38.2302689133     -38.3734121752    8.629737e-01    1.459632e-28    1.065221e-27    1.018335e-01    7.431674e-01   1.770142e-27    1.291827e-26    3.503898e-02    2.557099e-01
   8.150000e-01     -38.2298987524     -38.3734407145    8.623567e-01    1.314821e-28    9.552378e-28    1.020622e-01    7.414974e-01   1.487494e-27    1.080688e-26    3.544640e-02    2.575236e-01
   8.200000e-01     -38.2294990101     -38.3733433047    8.620903e-01    1.169772e-28    8.482161e-28    1.019597e-01    7.393223e-01   1.221743e-27    8.859005e-27    3.583259e-02    2.598265e-01
   8.250000e-01     -38.2290652349     -38.3731348012    8.621357e-01    1.026024e-28    7.442272e-28    1.015655e-01    7.367065e-01   9.767608e-28    7.084943e-27    3.619707e-02    2.625558e-01
   8.300000e-01     -38.2285933914     -38.3728296593    8.624519e-01    8.852446e-29    6.435891e-28    1.009210e-01    7.337144e-01   7.558229e-28    5.494971e-27    3.653950e-02    2.656489e-01
   8.350000e-01     -38.2280799483     -38.3724421082    8.629969e-01    7.492623e-29    5.468945e-28    1.000684e-01    7.304102e-01   5.615527e-28    4.098833e-27    3.685968e-02    2.690427e-01
   8.400000e-01     -38.2275219551     -38.3719862514    8.637287e-01    6.199959e-29    4.549719e-28    9.904997e-02    7.268589e-01   3.959237e-28    2.905409e-27    3.715756e-02    2.726735e-01
   8.450000e-01     -38.2269171043     -38.3714760957    8.646062e-01    4.993415e-29    3.688067e-28    9.790681e-02    7.231261e-01   2.602915e-28    1.922477e-27    3.743323e-02    2.764766e-01
   8.500000e-01     -38.2262637803     -38.3709255069    8.655896e-01    3.890595e-29    2.894564e-28    9.667837e-02    7.192775e-01   1.554426e-28    1.156478e-27    3.768694e-02    2.803871e-01
   8.550000e-01     -38.2255611077     -38.3703481181    8.666419e-01    2.906942e-29    2.179803e-28    9.540149e-02    7.153785e-01   8.164188e-29    6.122006e-28    3.791909e-02    2.843404e-01
   8.600000e-01     -38.2248088885     -38.3697570847    8.677291e-01    2.055338e-29    1.553885e-28    9.410984e-02    7.114930e-01   3.867216e-29    2.923708e-28    3.813018e-02    2.882734e-01
   8.650000e-01     -38.2240077190     -38.3691649825    8.688204e-01    1.346070e-29    1.026128e-28    9.283341e-02    7.076820e-01   2.586626e-29    1.971821e-28    3.832090e-02    2.921256e-01
   8.700000e-01     -38.2231588291     -38.3685834260    8.698894e-01    7.870453e-30    6.049050e-29    9.159812e-02    7.040021e-01   4.213597e-29    3.238474e-28    3.849202e-02    2.958408e-01
   8.750000e-01     -38.2222643271     -38.3680230753    8.709136e-01    3.840548e-30    2.975177e-29    9.042559e-02    7.005044e-01   8.600654e-29    6.662712e-28    3.864444e-02    2.993688e-01
   8.800000e-01     -38.2213266498     -38.3674929166    8.718749e-01    1.408875e-30    1.099609e-29    8.933299e-02    6.972325e-01   1.556619e-28    1.214921e-27    3.877915e-02    3.026663e-01
   8.850000e-01     -38.2203488968     -38.3670004481    8.727595e-01    5.925278e-31    4.656755e-30    8.833311e-02    6.942217e-01   2.490006e-28    1.956929e-27    3.889723e-02    3.056986e-01
   8.900000e-01     -38.2193346992     -38.3665514577    8.735579e-01    1.386171e-30    1.096289e-29    8.743445e-02    6.914978e-01   3.636988e-28    2.876406e-27    3.899983e-02    3.084401e-01
   8.950000e-01     -38.2182879637     -38.3661498051    8.742644e-01    3.761120e-30    2.991293e-29    8.664151e-02    6.890769e-01   4.972742e-28    3.954919e-27    3.908812e-02    3.108755e-01
   9.000000e-01     -38.2172128814     -38.3657975215    8.748771e-01    7.665970e-30    6.126750e-29    8.595509e-02    6.869651e-01   6.471457e-28    5.172079e-27    3.916335e-02    3.129989e-01
   9.050000e-01     -38.2161138114     -38.3654948900    8.753972e-01    1.302870e-29    1.045618e-28    8.537278e-02    6.851591e-01   8.106859e-28    6.506159e-27    3.922674e-02    3.148141e-01
   9.100000e-01     -38.2149950986     -38.3652405390    8.758286e-01    1.975969e-29    1.591325e-28    8.488940e-02    6.836472e-01   9.852636e-28    7.934709e-27    3.927952e-02    3.163332e-01
   9.150000e-01     -38.2138610979     -38.3650318050    8.761778e-01    2.775495e-29    2.241516e-28    8.449757e-02    6.824103e-01   1.168278e-27    9.435126e-27    3.932291e-02    3.175755e-01
   9.200000e-01     -38.2127159025     -38.3648648469    8.764524e-01    3.689873e-29    2.986600e-28    8.418827e-02    6.814237e-01   1.357190e-27    1.098516e-26    3.935807e-02    3.185660e-01
   9.250000e-01     -38.2115634416     -38.3647351334    8.766616e-01    4.706523e-29    3.815943e-28    8.395138e-02    6.806589e-01   1.549544e-27    1.256335e-26    3.938613e-02    3.193338e-01
   9.300000e-01     -38.2104072190     -38.3646375915    8.768150e-01    5.811958e-29    4.718072e-28    8.377624e-02    6.800847e-01   1.742990e-27    1.414937e-26    3.940813e-02    3.199101e-01
   9.350000e-01     -38.2092503349     -38.3645669853    8.769223e-01    6.991841e-29    5.680836e-28    8.365214e-02    6.796695e-01   1.935305e-27    1.572426e-26    3.942505e-02    3.203266e-01
   9.400000e-01     -38.2080954024     -38.3645181589    8.769931e-01    8.231077e-29    6.691556e-28    8.356877e-02    6.793826e-01   2.124401e-27    1.727058e-26    3.943778e-02    3.206143e-01
   9.450000e-01     -38.2069445290     -38.3644862730    8.770360e-01    9.513950e-29    7.737183e-28    8.351658e-02    6.791953e-01   2.308343e-27    1.877251e-26    3.944712e-02    3.208021e-01
   9.500000e-01     -38.2057992826     -38.3644669757    8.770589e-01    1.082431e-28    8.804464e-28    8.348709e-02    6.790818e-01   2.485351e-27    2.021578e-26    3.945377e-02    3.209159e-01
   9.550000e-01     -38.2046607122     -38.3644565211    8.770683e-01    1.214576e-28    9.880089e-28    8.347309e-02    6.790200e-01   2.653802e-27    2.158761e-26    3.945835e-02    3.209779e-01
   9.600000e-01     -38.2035292958     -38.3644517984    8.770696e-01    1.346187e-28    1.095081e-27    8.346873e-02    6.789920e-01   2.812236e-27    2.287666e-26    3.946138e-02    3.210060e-01
   9.650000e-01     -38.2024051018     -38.3644504368    8.770669e-01    1.475632e-28    1.200353e-27    8.346957e-02    6.789837e-01   2.959353e-27    2.407287e-26    3.946328e-02    3.210142e-01
   9.700000e-01     -38.2012877665     -38.3644507260    8.770629e-01    1.601305e-28    1.302540e-27    8.347249e-02    6.789851e-01   3.094012e-27    2.516743e-26    3.946439e-02    3.210128e-01
   9.750000e-01     -38.2001766405     -38.3644515921    8.770592e-01    1.721644e-28    1.400385e-27    8.347555e-02    6.789898e-01   3.215240e-27    2.615275e-26    3.946499e-02    3.210081e-01
   9.800000e-01     -38.1990706915     -38.3644523673    8.770567e-01    1.835143e-28    1.492674e-27    8.347780e-02    6.789941e-01   3.322231e-27    2.702246e-26    3.946527e-02    3.210037e-01
   9.850000e-01     -38.1979688178     -38.3644528227    8.770553e-01    1.940372e-28    1.578248e-27    8.347903e-02    6.789967e-01   3.414351e-27    2.777144e-26    3.946538e-02    3.210011e-01
   9.900000e-01     -38.1968698464     -38.3644529958    8.770549e-01    2.035992e-28    1.656017e-27    8.347947e-02    6.789977e-01   3.491143e-27    2.839594e-26    3.946541e-02    3.210001e-01
   9.950000e-01     -38.1957726418     -38.3644530219    8.770548e-01    2.120773e-28    1.724974e-27    8.347954e-02    6.789979e-01   3.552331e-27    2.889361e-26    3.946541e-02    3.210000e-01
   1.000000e+00     -38.1946762122     -38.3644530219    8.770548e-01    2.193613e-28    1.784220e-27    8.347954e-02    6.789979e-01   3.597824e-27    2.926364e-26    3.946541e-02    3.210000e-01
 --------------------------------------------------------
