##########################################################
# Compute exact eigenstates for EXASP in Hubbard lattice 
# Today: 19 Nov 2025 at 12:27:35
# Namespace(U=4.0, nelec='1,1', lmax=1.0, wmax=8.0, dim='2,1,1', eps='1,0,0', ngrid=101, nphoton=1, site=False, order=3, dse=True)
##########################################################

# Parameters:
# --------------------------------------------------------
#  Hubbard U            =   4.000000
#  Number of electrons  = 1 alpha, 1 beta
#  Lattice dimensions   = 2x1x1
#  Basis set            = MO
#  Number of photons    =          1
#  Grid size            =        101
#  Polarisation vector  = [1.0, 0.0, 0.0]
#  lmax                 = 1.0
#  wmax                 = 8.0
#  order                = 3
#  Dipole self-inter.   = True
# --------------------------------------------------------
  0.000000      -0.82842712    -0.82842712    -0.00000000    -0.00000000     4.00000000     4.00000000     4.82842712     4.82842712 
  0.010000      -0.82842712    -0.74842712    -0.00000000     0.08000000     4.00000000     4.08000000     4.82842713     4.90842713 
  0.020000      -0.82842712    -0.66842712     0.00000000     0.16000000     4.00000003     4.16000002     4.82842716     4.98842716 
  0.030000      -0.82842708    -0.58842708     0.00000000     0.24000000     4.00000028     4.24000023     4.82842754     5.06842749 
  0.040000      -0.82842686    -0.50842686     0.00000000     0.32000000     4.00000150     4.32000091     4.82842982     5.14842924 
  0.050000      -0.82842613    -0.42842615     0.00000000     0.40000000     4.00000539     4.40000157     4.82843922     5.22843542 
  0.060000      -0.82842424    -0.34842431    -0.00000000     0.48000000     4.00001522     4.47999648     4.82847105     5.30845238 
  0.070000      -0.82842005    -0.26842027    -0.00000000     0.56000000     4.00003637     4.55995879     4.82856903     5.38849166 
  0.080000      -0.82841183    -0.18841245    -0.00000000     0.64000000     4.00007693     4.63977798     4.82887041     5.46857209 
  0.090000      -0.82839708    -0.10839865     0.00000000     0.72000000     4.00014826     4.71891946     4.82994918     5.54872196 
  0.100000      -0.82837243    -0.02837603     0.00000000     0.80000000     4.00026548     4.79229916     4.83694402     5.62898130 
  0.110000      -0.82833357    -0.00000000     0.05165884     0.88000000     4.00044793     4.81977066     4.89007362     5.70940395 
  0.120000      -0.82827514     0.00000000     0.13170988     0.96000000     4.00071949     4.82215947     4.96860434     5.79005932 
  0.130000      -0.82819077    -0.00000000     0.21178131     1.04000000     4.00110881     4.82217876     5.04993586     5.87103374 
  0.140000      -0.82807309     0.00000000     0.29187739     1.12000000     4.00164945     4.82152414     5.13250704     5.95243126 
  0.150000      -0.82791383     0.00000000     0.37200199     1.20000000     4.00237981     4.82048541     5.21618391     6.03437369 
  0.160000      -0.82770393    -0.00000000     0.45215823     1.28000000     4.00334301     4.81914500     5.30106009     6.11699992 
  0.170000      -0.82743378     0.00000000     0.53234785     1.36000000     4.00458654     4.81753398     5.38729858     6.20046439 
  0.180000      -0.82709341     0.00000000     0.61257071     1.44000000     4.00616182     4.81566930     5.47509130     6.28493465 
  0.190000      -0.82667281    -0.00000000     0.69282415     1.52000000     4.00812356     4.81356628     5.56464237     6.37058814 
  0.200000      -0.82616218     0.00000000     0.77310239     1.60000000     4.01052893     4.81124386     5.65615770     6.45760805 
  0.210000      -0.82555235     0.00000000     0.85339596     1.68000000     4.01343670     4.80872703     5.74983653     6.54617855 
  0.220000      -0.82483503     0.00000000     0.93369117     1.76000000     4.01690601     4.80604785     5.84586369     6.63647933 
  0.230000      -0.82400322    -0.00000000     1.01396972     1.84000000     4.02099521     4.80324569     5.94440213     6.72867967 
  0.240000      -0.82305152     0.00000000     1.09420848     1.92000000     4.02576034     4.80036670     6.04558592     6.82293228 
  0.250000      -0.82197642    -0.00000000     1.17437933     2.00000000     4.03125370     4.79746274     6.14951368     6.91936697 
  0.260000      -0.82077661     0.00000000     1.25444925     2.08000000     4.03752213     4.79458992     6.25624258     7.01808450 
  0.270000      -0.81945316    -0.00000000     1.33438064     2.16000000     4.04460543     4.79180661     6.36578327     7.11915064 
  0.280000      -0.81800972    -0.00000000     1.41413171     2.24000000     4.05253466     4.78917141     6.47809562     7.22259094 
  0.290000      -0.81645260    -0.00000000     1.49365713     2.32000000     4.06133059     4.78674077     6.59308562     7.32838606 
  0.300000      -0.81479085    -0.00000000     1.57290876     2.40000000     4.07100232     4.78456671     6.71060340     7.43646817 
  0.310000      -0.81303619    -0.00000000     1.65183646     2.48000000     4.08154611     4.78269465     6.83044247     7.54671835 
  0.320000      -0.81120293    -0.00000000     1.73038895     2.56000000     4.09294456     4.78116145     6.95234031     7.65896531 
  0.330000      -0.80930781     0.00000000     1.80851466     2.64000000     4.10516620     4.77999378     7.07598020     7.77298531 
  0.340000      -0.80736972    -0.00000000     1.88616248     2.72000000     4.11816556     4.77920694     7.20099439     7.88850357 
  0.350000      -0.80540948    -0.00000000     1.96328241     2.80000000     4.13188368     4.77880418     7.32696843     8.00519704 
  0.360000      -0.80344942    -0.00000000     2.03982607     2.88000000     4.14624928     4.77877650     7.45344683     8.12269856 
  0.370000      -0.80151301     0.00000000     2.11574701     2.96000000     4.16118035     4.77910305     7.57993965     8.24060234 
  0.380000      -0.79962444    -0.00000000     2.19100087     3.04000000     4.17658630     4.77975202     7.70593019     8.35847060 
  0.390000      -0.79780815    -0.00000000     2.26554537     3.12000000     4.19237057     4.78068204     7.83088339     8.47584134 
  0.400000      -0.79608834     0.00000000     2.33934012     3.20000000     4.20843358     4.78184399     7.95425498     8.59223693 
  0.410000      -0.79448854     0.00000000     2.41234630     3.28000000     4.22467596     4.78318315     8.07550105     8.70717340 
  0.420000      -0.79303107    -0.00000000     2.48452631     3.36000000     4.24100202     4.78464163     8.19408792     8.82017016 
  0.430000      -0.79173666    -0.00000000     2.55584324     3.44000000     4.25732314     4.78616087     8.30950202     8.93075986 
  0.440000      -0.79062397    -0.00000000     2.62626037     3.52000000     4.27356124     4.78768422     8.42125970     9.03849834 
  0.450000      -0.78970925    -0.00000000     2.69574063     3.60000000     4.28965205     4.78915938     8.52891659     9.14297404 
  0.460000      -0.78900598     0.00000000     2.76424600     3.68000000     4.30554806     4.79054066     8.63207645     9.24381707 
  0.470000      -0.78852456     0.00000000     2.83173687     3.76000000     4.32122128     4.79179085     8.73039920     9.34070734 
  0.480000      -0.78827213     0.00000000     2.89817139     3.84000000     4.33666549     4.79288277     8.82360798     9.43338174 
  0.490000      -0.78825241    -0.00000000     2.96350465     3.92000000     4.35189824     4.79380027     8.91149515     9.52164012 
  0.500000      -0.78846558    -0.00000000     3.02768775     4.00000000     4.36696235     4.79453869     8.99392688     9.60534990 
  0.510000      -0.78890828     0.00000000     3.09066664     4.08000000     4.38192716     4.79510480     9.07084650     9.68444921 
  0.520000      -0.78957370     0.00000000     3.15238075     4.16000000     4.39688941     4.79551609     9.14227623     9.75894846 
  0.530000      -0.79045168    -0.00000000     3.21276125     4.24000000     4.41197395     4.79579966     9.20831750     9.82893028 
  0.540000      -0.79152891    -0.00000000     3.27172906     4.32000000     4.42733424     4.79599048     9.26914956     9.89454783 
  0.550000      -0.79278926    -0.00000000     3.32919256     4.40000000     4.44315262     4.79612933     9.32502664     9.95602154 
  0.560000      -0.79421405    -0.00000000     3.38504521     4.45964045     4.48000000     4.79626048     9.37627352    10.01363429 
  0.570000      -0.79578253     0.00000000     3.43916331     4.47703776     4.56000000     4.79642911     9.42327965    10.06772517 
  0.580000      -0.79747224    -0.00000000     3.49140437     4.49561206     4.64000000     4.79667880     9.46649192    10.11868206 
  0.590000      -0.79925956    -0.00000000     3.54160667     4.51565596     4.72000000     4.79704905     9.50640618    10.16693303 
  0.600000      -0.80112018     0.00000000     3.58959089     4.53748270     4.79757311     4.80000000     9.54355770    10.21293703 
  0.610000      -0.80302963     0.00000000     3.63516456     4.56141886     4.79827616     4.88000000     9.57851075    10.25717385 
  0.620000      -0.80496375    -0.00000000     3.67813015     4.58779376     4.79917400     4.96000000     9.61184752    10.30013386 
  0.630000      -0.80689923    -0.00000000     3.71829678     4.61692523     4.80027228     5.04000000     9.64415664    10.34230768 
  0.640000      -0.80881402    -0.00000000     3.75549508     4.64910275     4.80156641     5.12000000     9.67602152    10.38417608 
  0.650000      -0.81068772     0.00000000     3.78959325     4.68456946     4.80304197     5.20000000     9.70800889    10.42620042 
  0.660000      -0.81250197    -0.00000000     3.82051181     4.72350591     4.80467581     5.28000000     9.74065777    10.46881390 
  0.670000      -0.81424066     0.00000000     3.84823403     4.76601838     4.80643755     5.36000000     9.77446928    10.51241376 
  0.680000      -0.81589015     0.00000000     3.87281003     4.80829154     4.81213395     5.44000000     9.80989744    10.55735484 
  0.690000      -0.81743942    -0.00000000     3.89435359     4.81019894     4.86180298     5.52000000     9.84734141    10.60394435 
  0.700000      -0.81888007     0.00000000     3.91303297     4.81211996     4.91490810     5.60000000     9.88713936    10.65243818 
  0.710000      -0.82020631    -0.00000000     3.92905768     4.81401597     4.97127730     5.68000000     9.92956413    10.70303880 
  0.720000      -0.82141486    -0.00000000     3.94266396     4.81585135     5.03069881     5.76000000     9.97482082    10.75589454 
  0.730000      -0.82250482     0.00000000     3.95410100     4.81759508     5.09293530     5.84000000    10.02304647    10.81110042 
  0.740000      -0.82347745     0.00000000     3.96361940     4.81922177     5.15773621     5.92000000    10.07431156    10.86870027 
  0.750000      -0.82433594     0.00000000     3.97146233     4.82071240     5.22484757     6.00000000    10.12862354    10.92869010 
  0.760000      -0.82508511     0.00000000     3.97785931     4.82205444     5.29401929     6.08000000    10.18593178    10.99102250 
  0.770000      -0.82573119     0.00000000     3.98302239     4.82324167     5.36501040     6.16000000    10.24613411    11.05561181 
  0.780000      -0.82628146    -0.00000000     3.98714395     4.82427367     5.43759259     6.24000000    10.30908429    11.12233997 
  0.790000      -0.82674400    -0.00000000     3.99039598     4.82515495     5.51155246     6.32000000    10.37460026    11.19106277 
  0.800000      -0.82712739    -0.00000000     3.99293016     4.82589407     5.58669303     6.40000000    10.44247270    11.26161619 
  0.810000      -0.82744045    -0.00000000     3.99487860     4.82650256     5.66283441     6.48000000    10.51247373    11.33382283 
  0.820000      -0.82769196    -0.00000000     3.99635498     4.82699397     5.73981420     6.56000000    10.58436518    11.40749801 
  0.830000      -0.82789052    -0.00000000     3.99745591     4.82738288     5.81748737     6.64000000    10.65790641    11.48245550 
  0.840000      -0.82804428    -0.00000000     3.99826253     4.82768416     5.89572596     6.72000000    10.73286128    11.55851267 
  0.850000      -0.82816086    -0.00000000     3.99884202     4.82791224     5.97441852     6.80000000    10.80900412    11.63549495 
  0.860000      -0.82824718     0.00000000     3.99924928     4.82808062     6.05346925     6.88000000    10.88612465    11.71323956 
  0.870000      -0.82830943     0.00000000     3.99952844     4.82820155     6.13279712     6.96000000    10.96403174    11.79159830 
  0.880000      -0.82835298     0.00000000     3.99971441     4.82828574     6.21233471     7.04000000    11.04255592    11.87043955 
  0.890000      -0.82838242     0.00000000     3.99983427     4.82834233     6.29202703     7.12000000    11.12155081    11.94964942 
  0.900000      -0.82840153    -0.00000000     3.99990858     4.82837884     6.37183015     7.20000000    11.20089344    12.02913202 
  0.910000      -0.82841336    -0.00000000     3.99995257     4.82840129     6.45170993     7.28000000    11.28048363    12.10880907 
  0.920000      -0.82842026     0.00000000     3.99997718     4.82841432     6.53164055     7.36000000    11.36024250    12.18861883 
  0.930000      -0.82842402     0.00000000     3.99999002     4.82842136     6.61160324     7.44000000    11.44011041    12.26851449 
  0.940000      -0.82842589     0.00000000     3.99999615     4.82842484     6.69158490     7.52000000    11.52004433    12.34846224 
  0.950000      -0.82842671    -0.00000000     3.99999875     4.82842636     6.77157689     7.60000000    11.60001500    12.42843902 
  0.960000      -0.82842702     0.00000000     3.99999968     4.82842692     6.85157392     7.68000000    11.68000397    12.50843027 
  0.970000      -0.82842711     0.00000000     3.99999994     4.82842709     6.93157306     7.76000000    11.76000071    12.58842769 
  0.980000      -0.82842712    -0.00000000     4.00000000     4.82842712     7.01157289     7.84000000    11.84000006    12.66842717 
  0.990000      -0.82842712    -0.00000000     4.00000000     4.82842712     7.09157288     7.92000000    11.92000000    12.74842713 
  1.000000      -0.82842712    -0.00000000     4.00000000     4.82842712     7.17157288     8.00000000    12.00000000    12.82842712 
# --------------------------------------------------------
