##########################################################
# Computing exact eigenstates for excited-state ASP  
# Today: 19 Nov 2025 at 12:13:50
# Namespace(xyzfile='ch2.xyz', basis='sto-3g', lmax=0.15, wmax=0.25, eps='0,0,1', ngrid=101, nphoton=1, order=3)
##########################################################
 Molecule [angstrom]:
 --------------------------------------------------------
   3
   0 1
   C  0.0000  0.0000  0.0000
   H  0.8997  0.0000 -0.5883
   H -0.8997  0.0000 -0.5883

 Input parameters:
 --------------------------------------------------------
  Molecule XYZ file    = ch2.xyz
  Basis set            = sto-3g
  Number of photons    =          1
  Grid size            =        101
  Polarisation vector  = [0.0, 0.0, 1.0]
  lmax                 = 0.15
  wmax                 = 0.25
  order                = 3
 --------------------------------------------------------
  0.000000     -38.47013309   -38.47013309   -38.42099555   -38.42099555   -38.36123453   -38.36123453   -38.24485446   -38.24485446   -38.14291399   -38.14291399   -38.11751464   -38.11751464   -38.08850376   -38.08850376   -38.03212081   -38.03212081   -37.93697081   -37.93697081   -37.91662210   -37.91662210 
  0.010000     -38.47013309   -38.46763309   -38.42099555   -38.41849555   -38.36123453   -38.35873453   -38.24485446   -38.24235446   -38.14291399   -38.14041399   -38.11751464   -38.11501464   -38.08850376   -38.08600376   -38.03212081   -38.02962081   -37.93697081   -37.93447081   -37.91662210   -37.91412210 
  0.020000     -38.47013309   -38.46513308   -38.42099555   -38.41599555   -38.36123453   -38.35623452   -38.24485446   -38.23985445   -38.14291399   -38.13791399   -38.11751464   -38.11251464   -38.08850376   -38.08350376   -38.03212081   -38.02712081   -37.93697081   -37.93197081   -37.91662210   -37.91162210 
  0.030000     -38.47013308   -38.46263301   -38.42099554   -38.41349550   -38.36123452   -38.35373446   -38.24485444   -38.23735437   -38.14291399   -38.13541396   -38.11751463   -38.11001461   -38.08850375   -38.08100371   -38.03212081   -38.02462075   -37.93697080   -37.92947072   -37.91662209   -37.90912207 
  0.040000     -38.47013303   -38.46013263   -38.42099550   -38.41099526   -38.36123447   -38.35123413   -38.24485438   -38.23485395   -38.14291396   -38.13291383   -38.11751461   -38.10751447   -38.08850372   -38.07850345   -38.03212077   -38.02212048   -37.93697075   -37.92697029   -37.91662205   -37.90662192 
  0.050000     -38.47013288   -38.45763136   -38.42099537   -38.40849444   -38.36123430   -38.34873301   -38.24485417   -38.23235253   -38.14291388   -38.13041339   -38.11751453   -38.10501401   -38.08850361   -38.07600260   -38.03212066   -38.01961957   -37.93697058   -37.92446882   -37.91662190   -37.90412141 
  0.060000     -38.47013248   -38.45512800   -38.42099502   -38.40599226   -38.36123386   -38.34623006   -38.24485360   -38.22984875   -38.14291366   -38.12791221   -38.11751433   -38.10251279   -38.08850331   -38.07350034   -38.03212038   -38.01711713   -37.93697011   -37.92196493   -37.91662150   -37.90162006 
  0.070000     -38.47013159   -38.45262042   -38.42099422   -38.40348736   -38.36123286   -38.34372341   -38.24485233   -38.22734027   -38.14291317   -38.12540957   -38.11751388   -38.10001004   -38.08850263   -38.07099524   -38.03211973   -38.01461165   -37.93696908   -37.91945619   -37.91662062   -37.89911702 
  0.080000     -38.47012980   -38.45010529   -38.42099264   -38.40097759   -38.36123088   -38.34121014   -38.24484980   -38.22482333   -38.14291219   -38.12290428   -38.11751298   -38.09750456   -38.08850129   -38.06848507   -38.03211844   -38.01210071   -37.93696702   -37.91693874   -37.91661886   -37.89661097 
  0.090000     -38.47012655   -38.44757772   -38.42098976   -38.39845977   -38.36122728   -38.33868595   -38.24484518   -38.22229245   -38.14291041   -38.12039465   -38.11751134   -38.09499456   -38.08849884   -38.06596653   -38.03211609   -38.00958076   -37.93696326   -37.91661566   -37.91440696   -37.89409997 
  0.100000     -38.47012101   -38.44503092   -38.42098487   -38.39592953   -38.36122115   -38.33614489   -38.24483733   -38.21974006   -38.14290740   -38.11787830   -38.11750856   -38.09247759   -38.08849468   -38.06343505   -38.03211209   -38.00704690   -37.93695690   -37.91661024   -37.91185307   -37.89158132 
  0.110000     -38.47011211   -38.44245599   -38.42097704   -38.39338111   -38.36121132   -38.33357915   -38.24482472   -38.21715618   -38.14290257   -38.11750411   -38.11535213   -38.08995040   -38.08848802   -38.06088466   -38.03210568   -38.00449268   -37.93694667   -37.91660158   -37.90926686   -37.88905153 
  0.120000     -38.47009843   -38.43984166   -38.42096508   -38.39080724   -38.36119627   -38.33097885   -38.24480537   -38.21452824   -38.14289522   -38.11749732   -38.11281217   -38.08847783   -38.08740891   -38.05830774   -38.03209585   -38.00190992   -37.93693096   -37.91658837   -37.90663547   -37.88650618 
  0.130000     -38.47007819   -38.43717421   -38.42094749   -38.38819902   -38.36117407   -38.32833192   -38.24477676   -38.21184090   -38.14288444   -38.11748736   -38.11025362   -38.08846283   -38.08484809   -38.05569505   -38.03208135   -37.99928867   -37.93690772   -37.91656903   -37.90394329   -37.88407857 
  0.140000     -38.47004915   -38.43443746   -38.42092248   -38.38554596   -38.36114239   -38.32562415   -38.24473581   -38.20907613   -38.14286916   -38.11747324   -38.10767075   -38.08844143   -38.08226200   -38.05303563   -38.03206064   -37.99661713   -37.93687433   -37.91654164   -37.90117200   -37.88405251 
  0.150000     -38.47000857   -38.43161288   -38.42088789   -38.38283602   -38.36109840   -38.32283923   -38.24467874   -38.20621328   -38.14284815   -38.11745380   -38.10505700   -38.08841178   -38.07964382   -38.05031693   -38.03203184   -37.99388179   -37.93682760   -37.91650399   -37.89830077   -37.88401554 
  0.160000     -38.46995313   -38.42867992   -38.42084123   -38.38005580   -38.36103874   -38.31995905   -38.24460102   -38.20322950   -38.14281996   -38.11742768   -38.10240501   -38.08837163   -38.07698588   -38.04752494   -38.03199272   -37.99106758   -37.93676357   -37.91645357   -37.89530669   -37.88396409 
  0.170000     -38.46987883   -38.42561635   -38.42077962   -38.37719075   -38.36095949   -38.31696398   -38.24449729   -38.20010012   -38.14278300   -38.11739340   -38.09970675   -38.08831838   -38.07427985   -38.04464443   -38.03194064   -37.98815813   -37.93667747   -37.91638757   -37.89216529   -37.88389375 
  0.180000     -38.46978097   -38.42239887   -38.42069977   -38.37422556   -38.36085611   -38.31383340   -38.24436127   -38.19679940   -38.14273551   -38.11734926   -38.09695371   -38.08824907   -38.07151685   -38.04165938   -38.03187255   -37.98513619   -37.93656359   -37.91630291   -37.88885131   -37.88379905 
  0.190000     -38.46965406   -38.42059804   -38.41900377   -38.37114456   -38.36072342   -38.31054627   -38.24418578   -38.19330121   -38.14267556   -38.11729344   -38.09413708   -38.08816028   -38.06868771   -38.03855330   -38.03178493   -37.98198405   -37.93641525   -37.91619632   -37.88533961   -37.88367341 
  0.200000     -38.46949183   -38.42047043   -38.41540769   -38.36793222   -38.36055564   -38.30708181   -38.24396268   -38.18957998   -38.14260113   -38.11722398   -38.09124805   -38.08804822   -38.06578322   -38.03530985   -38.03167379   -37.97868411   -37.93622474   -37.91606432   -37.88350910   -37.88160617 
  0.210000     -38.46928727   -38.42031259   -38.41158848   -38.36457371   -38.36034644   -38.30342024   -38.24368304   -38.18561163   -38.14251009   -38.11713882   -38.08827802   -38.08790875   -38.06279444   -38.03191332   -38.03153473   -37.97521948   -37.93598343   -37.91590337   -37.88329725   -37.87762921 
  0.220000     -38.46903276   -38.42011996   -38.40752603   -38.36105546   -38.36008902   -38.29954354   -38.24333725   -38.18137452   -38.14240026   -38.11703582   -38.08773739   -38.08521900   -38.05971300   -38.03136298   -38.02834925   -37.97157458   -37.93568191   -37.91570989   -37.88302804   -37.87339027 
  0.230000     -38.46872021   -38.41988784   -38.40320311   -38.35977628   -38.35736577   -38.29543621   -38.24291526   -38.17685044   -38.14226947   -38.11691285   -38.08752945   -38.08206385   -38.05653142   -38.03115349   -38.02460503   -37.96773581   -37.93531027   -37.91548041   -37.88269093   -37.86889959 
  0.240000     -38.46834139   -38.41961155   -38.39860617   -38.35940108   -38.35349531   -38.29108598   -38.24240701   -38.17202545   -38.14211564   -38.11676779   -38.08728018   -38.07880665   -38.05324347   -38.03090108   -38.02067043   -37.96369212   -37.93485849   -37.91521162   -37.88227506   -37.86830506 
  0.250000     -38.46788822   -38.41928662   -38.39372606   -38.35895649   -38.34943764   -38.28648451   -38.24180278   -38.16689070   -38.14193682   -38.11659868   -38.08698495   -38.07544297   -38.04984444   -38.03060067   -38.01653820   -37.95943555   -37.93431687   -37.91490058   -37.88176969   -37.86758456 
  0.260000     -38.46735318   -38.41890899   -38.38855856   -38.35843615   -38.34518965   -38.28162786   -38.24109373   -38.16144304   -38.14173129   -38.11640375   -38.08663940   -38.07197013   -38.04633146   -38.03024746   -38.01220445   -37.95496179   -37.93367657   -37.91454480   -37.88116478   -37.86672482 
  0.270000     -38.46672977   -38.41847525   -38.38310492   -38.35783462   -38.34075188   -38.27651698   -38.24027242   -38.15568551   -38.14149768   -38.11618153   -38.08623978   -38.06838748   -38.04270369   -38.02983723   -38.00766906   -37.95027046   -37.93293023   -37.91414242   -37.88045160   -37.86571454 
  0.280000     -38.46601291   -38.41798292   -38.37737209   -38.35714778   -38.33612874   -38.27115799   -38.23933333   -38.14962765   -38.14123505   -38.11593098   -38.08578312   -38.06469650   -38.03896256   -38.02936662   -38.00293594   -37.94536551   -37.93207246   -37.91369235   -37.87962326   -37.86454516 
  0.290000     -38.46519942   -38.41743065   -38.37137296   -38.35637317   -38.33132863   -38.26556232   -38.23827335   -38.14328562   -38.14094298   -38.11565155   -38.08526753   -38.06090098   -38.03511187   -38.02883338   -37.99801320   -37.94025534   -37.93110040   -37.91319441   -37.87867533   -37.86321158 
  0.300000     -38.46428837   -38.41681844   -38.36512630   -38.35551037   -38.32636395   -38.25974675   -38.23709227   -38.14062168   -38.13668211   -38.11534331   -38.08469243   -38.05700708   -38.03115786   -38.02823666   -37.99291317   -37.93495285   -37.93001413   -37.91264943   -37.87760632   -37.86171276 
  0.310000     -38.46328142   -38.41614786   -38.35865667   -38.35456123   -38.32125099   -38.25373322   -38.23579306   -38.14027207   -38.12984609   -38.11500703   -38.08405872   -38.05302327   -38.02757723   -38.02710919   -37.98765238   -37.92947544   -37.92881703   -37.91205938   -37.87641803   -37.86005219 
  0.320000     -38.46218305   -38.41542215   -38.35353010   -38.35199407   -38.31600974   -38.24754861   -38.23438213   -38.13989581   -38.12281238   -38.11464422   -38.08336902   -38.04896030   -38.02685765   -38.02297690   -37.98225133   -37.92751591   -37.92384478   -37.91142743   -37.87511589   -37.85823819 
  0.330000     -38.46100068   -38.41464627   -38.35242393   -38.34517353   -38.31066353   -38.24122428   -38.23286945   -38.13949540   -38.11562103   -38.11425723   -38.08262769   -38.04483104   -38.02608241   -38.01877428   -37.97673427   -37.92612110   -37.91808657   -37.91075795   -37.87370904   -37.85628403 
  0.340000     -38.45974468   -38.41382698   -38.35125229   -38.33823455   -38.30523875   -38.23479559   -38.23126849   -38.13907416   -38.11384920   -38.10831658   -38.08184091   -38.04065032   -38.02525795   -38.01451666   -37.97112875   -37.92464633   -37.91223017   -37.91005655   -37.87221033   -37.85420785 
  0.350000     -38.45842828   -38.41297269   -38.35002730   -38.33122044   -38.29976430   -38.22959602   -38.22830127   -38.13863619   -38.11342414   -38.10094723   -38.08101665   -38.03643466   -38.02439262   -38.01022117   -37.96546524   -37.92310845   -37.90932996   -37.90630808   -37.87063618   -37.85203244 
  0.360000     -38.45706736   -38.41209341   -38.34876342   -38.32417753   -38.29427118   -38.22787189   -38.22178271   -38.13818637   -38.11298677   -38.09356390   -38.08016455   -38.03220200   -38.02349662   -38.00590649   -37.95977654   -37.92152709   -37.90858602   -37.90035547   -37.86900627   -37.84978477 
  0.370000     -38.45568015   -38.41120048   -38.34747720   -38.31715440   -38.28879191   -38.22611850   -38.21528326   -38.13773025   -38.11254256   -38.08621926   -38.07929576   -38.02797138   -38.02258177   -38.00159247   -37.95409726   -37.91992413   -37.90783347   -37.89440950   -37.86734312   -37.84749547 
  0.380000     -38.45428676   -38.41030639   -38.34618689   -38.31020098   -38.28336003   -38.22436036   -38.20884737   -38.13727396   -38.11209754   -38.07896676   -38.07842269   -38.02376260   -38.02166131   -37.99729982   -37.94846314   -37.91832318   -37.90708185   -37.88850873   -37.86567155   -37.84519809 
  0.390000     -38.45290880   -38.40942445   -38.34491202   -38.30336769   -38.27800947   -38.22262344   -38.20251989   -38.13682405   -38.11165822   -38.07755877   -38.07185965   -38.02074952   -38.01959589   -37.99304975   -37.94291048   -37.91674893   -37.90634124   -37.88269243   -37.86401807   -37.84292829 
  0.400000     -38.45156874   -38.40856846   -38.34367296   -38.29670458   -38.27277409   -38.22093448   -38.19634523   -38.13638740   -38.11123139   -38.07671802   -38.06495005   -38.01986143   -38.01549150   -37.98886355   -37.93747545   -37.91522650   -37.90562212   -37.87699986   -37.86241022   -37.84072297 
  0.410000     -38.45028940   -38.40775241   -38.34249032   -38.29026045   -38.26768707   -38.21932036   -38.19036663   -38.13597095   -38.11082401   -38.07591478   -38.05828816   -38.01901241   -38.01146939   -37.98476224   -37.93219350   -37.91378085   -37.90493508   -37.87146963   -37.86087584   -37.83861934 
  0.420000     -38.44909333   -38.40699006   -38.34138450   -38.28408209   -38.26278048   -38.21780730   -38.18462545   -38.13558163   -38.11044297   -38.07516330   -38.05192144   -38.01821771   -38.00754885   -37.98076619   -37.92709871   -37.91243612   -37.90429058   -37.86613901   -37.85944231   -37.83665396 
  0.430000     -38.44800221   -38.40629463   -38.34037511   -38.27821352   -38.25808476   -38.21642021   -38.17916053   -38.13522609   -38.11009492   -38.07447730   -38.04589398   -38.01749212   -38.00374814   -37.97689477   -37.92222328   -37.91121508   -37.90369875   -37.86104332   -37.85813589   -37.83486185 
  0.440000     -38.44703627   -38.40567843   -38.33948046   -38.27269531   -38.25362836   -38.21518195   -38.17400760   -38.13491057   -38.10978612   -38.07386968   -38.04024592   -38.01684947   -38.00008426   -37.97316598   -37.91759698   -37.91013864   -37.90316909   -37.85698098   -37.85621530   -37.83327559 
  0.450000     -38.44621377   -38.40515256   -38.33871709   -38.26756400   -38.24943738   -38.21411268   -38.16919875   -38.13464073   -38.10952222   -38.07335205   -38.03501297   -38.01630228   -37.99657254   -37.96959618   -37.91324667   -37.90922535   -37.90271027   -37.85599953   -37.85168462   -37.83192448 
  0.460000     -38.44555050   -38.40472660   -38.33809933   -38.26285161   -38.24553528   -38.21322926   -38.16476203   -38.13442145   -38.10930811   -38.07293449   -38.03022604   -38.01586140   -37.99322650   -37.96619976   -37.90919590   -37.90849105   -37.90232993   -37.85521045   -37.84747742   -37.83083387 
  0.470000     -38.44505934   -38.40440840   -38.33763887   -38.25858516   -38.24194271   -38.21254462   -38.16072107   -38.13425675   -38.10914780   -38.07262523   -38.02591094   -38.01553566   -37.99005752   -37.96298893   -37.90794856   -37.90546457   -37.90203445   -37.85462910   -37.84361583   -37.83002446 
  0.480000     -38.44474994   -38.40420380   -38.33734454   -38.25478639   -38.23867741   -38.21206725   -38.15709474   -38.13414964   -38.10904430   -38.07243039   -38.02208815   -38.01533167   -37.98707474   -37.95997349   -37.90760743   -37.90206863   -37.90182885   -37.85426694   -37.84011770   -37.82951183 
  0.490000     -38.44462842   -38.40411658   -38.33722197   -38.25147143   -38.23575427   -38.21180062   -38.15389700   -38.13410204   -38.10899949   -38.07235384   -38.01877264   -38.01525355   -37.98428481   -37.95716064   -37.90747373   -37.90171660   -37.89901986   -37.85413118   -37.83699631   -37.82930600 
  0.500000     -38.44469724   -38.40414825   -38.33727351   -38.24865067   -38.23318552   -38.21174269   -38.15113667   -38.13411476   -38.10901414   -38.07239703   -38.01597380   -38.01530285   -37.98169188   -37.95455490   -37.90754998   -37.90169958   -37.89632571   -37.85422462   -37.83426014   -37.82941121 
  0.510000     -38.44495507   -38.40429809   -38.33749812   -38.24632858   -38.23098102   -38.21188531   -38.14881739   -38.13418742   -38.10908783   -38.07255901   -38.01547848   -38.01369535   -37.97929743   -37.95215800   -37.90783505   -37.90177800   -37.89398916   -37.85454553   -37.83191279   -37.82982578 
  0.520000     -38.44539687   -38.40456314   -38.33789139   -38.24450371   -38.22914888   -38.21221372   -38.14693750   -38.13431851   -38.10921899   -38.07283640   -38.01577675   -38.01193531   -37.97710030   -37.94996882   -37.90832417   -37.90195042   -37.89200872   -37.85508770   -37.83054208   -37.82995288 
  0.530000     -38.44601393   -38.40493827   -38.33844566   -38.24316864   -38.22769598   -38.21270597   -38.14549013   -38.13450544   -38.10940493   -38.07322351   -38.01619144   -38.01068602   -37.97509669   -37.94798343   -37.90900901   -37.90221377   -37.89037839   -37.85584053   -37.83154675   -37.82837406 
  0.540000     -38.44679416   -38.40541629   -38.33915020   -38.24231011   -38.22662846   -38.21333284   -38.14446320   -38.13474456   -38.10964194   -38.07371249   -38.01671402   -38.00993422   -37.97328016   -37.94619513   -37.90987781   -37.90256344   -37.88908777   -37.85678935   -37.83282093   -37.82716510 
  0.550000     -38.44772239   -38.40598819   -38.33999149   -38.24190914   -38.22595119   -38.21405871   -38.14383960   -38.13503132   -38.10992541   -38.07429353   -38.01733386   -38.00966110   -37.97164179   -37.94459456   -37.91091555   -37.90299338   -37.88812212   -37.85791569   -37.83434074   -37.82631005 
  0.560000     -38.44878072   -38.40664335   -38.34095358   -38.24194122   -38.22566525   -38.21484466   -38.14359734   -38.13536039   -38.11024993   -38.07495519   -38.01803855   -38.00984245   -37.97017029   -37.94316983   -37.91210425   -37.90349626   -37.88746259   -37.85919783   -37.83607783   -37.82578840 
  0.570000     -38.44994905   -38.40736982   -38.34201853   -38.24237659   -38.22576244   -38.21565475   -38.14370978   -38.13572580   -38.11060949   -38.07568472   -38.01881429   -38.01044886   -37.96885214   -37.94190669   -37.91342332   -37.90406366   -37.88708643   -37.86061130   -37.83800005   -37.82557543 
  0.580000     -38.45120564   -38.40815462   -38.34316686   -38.24318061   -38.22621807   -38.21646404   -38.14414598   -38.13612110   -38.11099761   -38.07646838   -38.01964626   -38.01144594   -37.96767186   -37.94078884   -37.91485000   -37.90468628   -37.88696731   -37.86212956   -37.84007231   -37.82564251 
  0.590000     -38.45252766   -38.40898416   -38.34437814   -38.24431416   -38.22698701   -38.21726351   -38.14487106   -38.13653960   -38.11140758   -38.07729192   -38.02051908   -38.01279469   -37.96661223   -37.93979810   -37.91635986   -37.90535416   -37.88707563   -37.86372472   -37.84225743   -37.82595754 
  0.600000     -38.45389186   -38.40984451   -38.34563150   -38.24573418   -38.22800764   -38.21805729   -38.14584664   -38.13697445   -38.11183261   -38.07814092   -38.02141727   -38.01445183   -37.96565462   -37.93891483   -37.91792740   -37.90605694   -37.88737905   -37.86536830   -37.84451716   -37.82648545 
  0.610000     -38.45527523   -38.41072186   -38.34690625   -38.24739422   -38.22921166   -38.21885402   -38.14703142   -38.13741893   -38.11226601   -38.07900126   -38.02232567   -38.01637036   -37.96477927   -37.93811820   -37.91952672   -37.90678412   -37.88784291   -37.86703204   -37.84681318   -37.82718875 
  0.620000     -38.45665560   -38.41160282   -38.34818243   -38.24924517   -38.23053348   -38.21965866   -38.14838172   -38.13786652   -38.11270138   -38.07985946   -38.02322988   -38.01850010   -37.96396566   -37.93738660   -37.92113220   -37.90752528   -37.88843085   -37.86868866   -37.84910816   -37.82802815 
  0.630000     -38.45801229   -38.41247483   -38.34944131   -38.25123597   -38.23191543   -38.22046863   -38.14985221   -38.13831115   -38.11313277   -38.08070307   -38.02411665   -38.02078840   -37.96319291   -37.93669804   -37.92271923   -37.90827035   -37.88910545   -37.87031264   -37.85136679   -37.82896321 
  0.640000     -38.45932663   -38.41332639   -38.35066592   -38.25331448   -38.23330925   -38.22127358   -38.15139667   -38.13874724   -38.11355477   -38.08152095   -38.02497419   -38.02318097   -37.96244016   -37.93603057   -37.92426492   -37.90900981   -37.88982890   -37.87188089   -37.85355670   -37.82995308 
  0.650000     -38.46058242   -38.41414737   -38.35184142   -38.25542836   -38.23467568   -38.22205699   -38.15296876   -38.13916987   -38.11396264   -38.08230354   -38.02579244   -38.02562273   -37.96168695   -37.93536269   -37.92574876   -37.90973488   -37.89056372   -37.87337331   -37.85564939   -37.83095722 
  0.660000     -38.46176628   -38.41492919   -38.35295542   -38.25752606   -38.23598363   -38.22279816   -38.15452290   -38.13957484   -38.11435240   -38.08304300   -38.02805881   -38.02656327   -37.96091365   -37.93467378   -37.92715318   -37.91043774   -37.89127349   -37.87477334   -37.85762086   -37.83193620 
  0.670000     -38.46286787   -38.41566498   -38.35399814   -38.25955772   -38.23720940   -38.22347394   -38.15601515   -38.13995869   -38.11472079   -38.08373333   -38.03043562   -38.02728051   -37.96010182   -37.93394447   -37.92846400   -37.91111157   -37.89192360   -37.87606818   -37.85945219   -37.83285240 
  0.680000     -38.46387997   -38.41634956   -38.35496250   -38.26147624   -38.23833607   -38.22406023   -38.15740409   -38.14031874   -38.11506538   -38.08437033   -38.03270191   -38.02794000   -37.95923456   -37.93315705   -37.92967071   -37.91175070   -37.89248186   -37.87724903   -37.86112980   -37.83367082 
  0.690000     -38.46479842   -38.41697949   -38.35584411   -38.26323817   -38.23935298   -38.22453304   -38.15865165   -38.14065306   -38.11538445   -38.08495157   -38.03480990   -38.02853947   -37.95829685   -37.93229576   -37.93076661   -37.91235064   -37.89291920   -37.87831105   -37.86264555   -37.83435967 
  0.700000     -38.46562193   -38.41755295   -38.35664104   -38.26480465   -38.24025522   -38.22486944   -38.15972392   -38.14096044   -38.11567700   -38.08547624   -38.03671629   -38.02907841   -37.95727578   -37.93174865   -37.93134706   -37.91290806   -37.89321019   -37.87925312   -37.86399652   -37.83489108 
  0.710000     -38.46635178   -38.41806959   -38.35735363   -38.26614216   -38.24104299   -38.22504836   -38.16059179   -38.14124033   -38.11594266   -38.08594494   -38.03838328   -38.02955781   -37.95616074   -37.93261724   -37.93029988   -37.91342078   -37.89333349   -37.88007751   -37.86518458   -37.83524151 
  0.720000     -38.46699139   -38.41853035   -38.35798414   -38.26722320   -38.24172079   -38.22505129   -38.16123157   -38.14149274   -38.11618163   -38.08635943   -38.03977933   -38.02997991   -37.95494361   -37.93337579   -37.92914568   -37.91388767   -37.89327221   -37.88078934   -37.86621581   -37.83539221 
  0.730000     -38.46754592   -38.41893723   -38.35853636   -38.26802672   -38.24229649   -38.22486303   -38.16162531   -38.14171821   -38.11639457   -38.08672245   -38.04087985   -38.03034791   -37.95361874   -37.93403017   -37.92787855   -37.91430857   -37.89301413   -37.88139595   -37.86709963   -37.83532941 
  0.740000     -38.46802172   -38.41929302   -38.35901524   -38.26853845   -38.24278014   -38.22447232   -38.16176105   -38.14191767   -38.11658251   -38.08703738   -38.04166759   -38.03066571   -37.95218296   -37.93458808   -37.92649519   -37.91468418   -37.89255184   -37.88190615   -37.86784799   -37.83504441 
  0.750000     -38.46842595   -38.41960115   -38.35942652   -38.26875088   -38.24318292   -38.22387235   -38.16163279   -38.14209240   -38.11674679   -38.08730805   -38.04213274   -38.03093763   -37.95063549   -37.93505845   -37.92499477   -37.91501591   -37.89188270   -37.88232950   -37.86847440   -37.83453352 
  0.760000     -38.46876607   -38.41986540   -38.35977638   -38.26866308   -38.24351615   -38.22306105   -38.16124027   -38.14224390   -38.11688897   -38.08753853   -38.04227286   -38.03116816   -37.94897776   -37.93545082   -37.92337879   -37.91530578   -37.89100886   -37.88267545   -37.86899308   -37.83379776 
  0.770000     -38.46904957   -38.42008977   -38.36007113   -38.26828029   -38.24379045   -38.22204112   -38.16058861   -38.14237389   -38.11701075   -38.08773295   -38.04209243   -38.03136181   -37.94721319   -37.93577480   -37.92165081   -37.91555627   -37.88993741   -37.88295229   -37.86941823   -37.83284253 
  0.780000     -38.46928367   -38.42027833   -38.36031702   -38.26761326   -38.24401533   -38.22081969   -38.15968768   -38.14248417   -38.11711392   -38.08789535   -38.04160221   -38.03152295   -37.94534692   -37.93603972   -37.91981621   -37.91577022   -37.88868142   -37.88316529   -37.86976340   -37.83167704 
  0.790000     -38.46947512   -38.42043505   -38.36052004   -38.26667751   -38.24419895   -38.21940772   -38.15855144   -38.14257663   -38.11720029   -38.08802961   -38.04081838   -38.03165571   -37.94338547   -37.93625423   -37.91788181   -37.91595071   -37.88726484   -37.88331086   -37.87004107   -37.83031374 
  0.800000     -38.46963010   -38.42056378   -38.36068582   -38.26549233   -38.24434815   -38.21781925   -38.15719707   -38.14265316   -38.11727171   -38.08813938   -38.03976152   -38.03176392   -37.94133649   -37.93642624   -37.91610097   -37.91585559   -37.88575130   -37.88334710   -37.87026243   -37.82876761 
  0.810000     -38.46975418   -38.42066819   -38.36081957   -38.26407988   -38.24446860   -38.21607052   -38.15564419   -38.14271563   -38.11732996   -38.08822805   -38.03845551   -38.03185110   -37.93920834   -37.93656272   -37.91622429   -37.91374633   -37.88446910   -37.88296804   -37.87043723   -37.82835843 
  0.820000     -38.46985232   -38.42075168   -38.36092605   -38.26246414   -38.24456499   -38.21417909   -38.15391391   -38.14276586   -38.11737676   -38.08829871   -38.03692640   -38.03192042   -37.93700983   -37.93666978   -37.91632394   -37.91156322   -37.88407105   -37.88154320   -37.87057386   -37.82849595 
  0.830000     -38.46992887   -38.42081741   -38.36100957   -38.26066995   -38.24464124   -38.21216305   -38.15202805   -38.14280557   -38.11741374   -38.08835418   -38.03520133   -38.03197475   -37.93675270   -37.93474990   -37.91640311   -37.90931563   -37.88402922   -37.87962236   -37.87067943   -37.82860189 
  0.840000     -38.46998765   -38.42086825   -38.36107399   -38.25872219   -38.24470070   -38.21004032   -38.15000837   -38.14283640   -38.11744244   -38.08839699   -38.03330754   -38.03201661   -37.93681598   -37.93243733   -37.91646485   -37.90701276   -37.88404165   -37.87752835   -37.87075990   -37.82868239 
  0.850000     -38.47003197   -38.42090681   -38.36112273   -38.25664490   -38.24474625   -38.20782812   -38.14787592   -38.14285984   -38.11746426   -38.08842940   -38.03204827   -38.03127144   -37.93686344   -37.93008053   -37.91651200   -37.90466343   -37.88406201   -37.87532706   -37.87082027   -37.82874261 
  0.860000     -38.47006469   -38.42093541   -38.36115882   -38.25446074   -38.24478041   -38.20554246   -38.14565047   -38.14287726   -38.11748047   -38.08845340   -38.03207170   -38.02911792   -37.93689834   -37.92768736   -37.91654718   -37.90227586   -37.88408069   -37.87304608   -37.87086470   -37.82878680 
  0.870000     -38.47008826   -38.42095608   -38.36118487   -38.25219043   -38.24480541   -38.20319787   -38.14335008   -38.14288988   -38.11749220   -38.08847073   -38.03208860   -38.02686979   -37.93692340   -37.92526493   -37.91657275   -37.89985754   -37.88409557   -37.87089668   -37.87070367   -37.82881851 
  0.880000     -38.47010478   -38.42097060   -38.36120315   -38.24985246   -38.24482316   -38.20080720   -38.14289874   -38.14099085   -38.11750045   -38.08848289   -38.03210046   -38.02454736   -37.93694091   -37.92281959   -37.91659079   -37.89741511   -37.88410659   -37.87091908   -37.86831409   -37.82884066 
  0.890000     -38.47011596   -38.42098045   -38.36121554   -38.24746283   -38.24483535   -38.19838148   -38.14290476   -38.13858671   -38.11750605   -38.08849113   -38.03210850   -38.02216824   -37.93695275   -37.92035677   -37.91660308   -37.89495429   -37.88411434   -37.87093428   -37.86588895   -37.82885564 
  0.900000     -38.47012325   -38.42098687   -38.36122361   -38.24503501   -38.24484338   -38.19592995   -38.14290868   -38.13614940   -38.11750970   -38.08849650   -38.03211374   -38.01974726   -37.93696044   -37.91788106   -37.91661113   -37.89247989   -37.88411951   -37.87094420   -37.86343775   -37.82886539 
  0.910000     -38.47012777   -38.42099086   -38.36122863   -38.24484843   -38.24258001   -38.19346010   -38.14291112   -38.13368846   -38.11751197   -38.08849984   -38.03211699   -38.01729648   -37.93696522   -37.91661616   -37.91539618   -37.88999584   -37.88412278   -37.87095038   -37.86096809   -37.82887145 
  0.920000     -38.47013043   -38.42099320   -38.36123158   -38.24485142   -38.24010648   -38.19097780   -38.14291256   -38.13121144   -38.11751330   -38.08850180   -38.03211890   -38.01482541   -37.93696802   -37.91661912   -37.91290507   -37.88750522   -37.88412472   -37.87095402   -37.85848590   -37.82887501 
  0.930000     -38.47013188   -38.42099448   -38.36123319   -38.24485307   -38.23762098   -38.18848748   -38.14291334   -38.12872402   -38.11751403   -38.08850287   -38.03211994   -38.01234124   -37.93696954   -37.91662074   -37.91040994   -37.88501035   -37.88412580   -37.87095601   -37.85599564   -37.82887695 
  0.940000     -38.47013260   -38.42099512   -38.36123399   -38.24485390   -38.23512823   -38.18599232   -38.14291373   -38.12623031   -38.11751439   -38.08850340   -38.03212046   -38.00984916   -37.93697030   -37.91662155   -37.90791237   -37.88412634   -37.88251292   -37.87095701   -37.85350050   -37.82887792 
  0.950000     -38.47013292   -38.42099541   -38.36123435   -38.24485427   -38.23263144   -38.18349446   -38.14291390   -38.12373310   -38.11751456   -38.08850364   -38.03212070   -38.00735267   -37.93697064   -37.91662191   -37.90541344   -37.88412658   -37.88001406   -37.87095746   -37.85100266   -37.82887835 
  0.960000     -38.47013304   -38.42099551   -38.36123448   -38.24485441   -38.23013265   -38.18099526   -38.14291397   -38.12123415   -38.11751462   -38.08850373   -38.03212078   -38.00485398   -37.93697077   -37.91662205   -37.90291385   -37.88412667   -37.87751448   -37.87095763   -37.84850347   -37.82887852 
  0.970000     -38.47013308   -38.42099554   -38.36123452   -38.24485445   -38.22763301   -38.17849550   -38.14291399   -38.11873446   -38.11751463   -38.08850375   -38.03212081   -38.00235437   -37.93697081   -37.91662209   -37.90041397   -37.88412670   -37.87501461   -37.87095768   -37.84600371   -37.82887856 
  0.980000     -38.47013309   -38.42099555   -38.36123453   -38.24485446   -38.22513308   -38.17599555   -38.14291399   -38.11751464   -38.11623452   -38.08850376   -38.03212081   -37.99985445   -37.93697081   -37.91662210   -37.89791399   -37.88412671   -37.87251464   -37.87095769   -37.84350376   -37.82887857 
  0.990000     -38.47013309   -38.42099555   -38.36123453   -38.24485446   -38.22263309   -38.17349555   -38.14291399   -38.11751464   -38.11373453   -38.08850376   -38.03212081   -37.99735446   -37.93697081   -37.91662210   -37.89541399   -37.88412671   -37.87095769   -37.87001464   -37.84100376   -37.82887857 
  1.000000     -38.47013309   -38.42099555   -38.36123453   -38.24485446   -38.22013309   -38.17099555   -38.14291399   -38.11751464   -38.11123453   -38.08850376   -38.03212081   -37.99485446   -37.93697081   -37.91662210   -37.89291399   -37.88412671   -37.87095769   -37.86751464   -37.83850376   -37.82887857 
 --------------------------------------------------------
