##########################################################
# Performing trotterised time evolution for excited-state ASP  
# Today: 19 Nov 2025 at 22:34:43
# Namespace(U=4.0, nelec='1,1', dim='2,1,1', lmax=1.0, wmax=8.0, eps='1,0,0', dt=0.5, T=100.0, nphoton=1, initial_state='0,1', order=3, site=True, nfrozen=0, trotter=True, noisy=False, dse=True, ref='', electronic_energy=False)
##########################################################

# Parameters:
# --------------------------------------------------------
#  Number of photons    =          1
#  Total time evolution =  1.000000e+02
#  Number of steps      =        200
#  Time step            =  5.000000e-01
#  Initial state        = |e2,p1>
#  Polarisation vector  = [1.0, 0.0, 0.0]
#  lmax                 = 1.0
#  wmax                 = 8.0
#  order                = 3
#  Dipole self-inter.   = True
#  Hubbard U parameter  = 4.0
#  Number of electrons  = 1,1
#  Dimensions           = 2,1,1
#  Frozen core orbitals = 0
#  Trotterised          = True
#  Noisy simulation     = False
# --------------------------------------------------------
